c:\users\evene\documents\robertbituin_age_practical1\gameengine0 - v2\gameengine0\x64\debug\vc143.pdb
c:\users\evene\documents\robertbituin_age_practical1\gameengine0 - v2\gameengine0\x64\debug\vc143.idb
c:\users\evene\documents\robertbituin_age_practical1\gameengine0 - v2\gameengine0\x64\debug\stb_image.obj
c:\users\evene\documents\robertbituin_age_practical1\gameengine0 - v2\gameengine0\x64\debug\input.obj
c:\users\evene\documents\robertbituin_age_practical1\gameengine0 - v2\gameengine0\x64\debug\vertexarrayobject.obj
c:\users\evene\documents\robertbituin_age_practical1\gameengine0 - v2\gameengine0\x64\debug\texture.obj
c:\users\evene\documents\robertbituin_age_practical1\gameengine0 - v2\gameengine0\x64\debug\shaderprogram.obj
c:\users\evene\documents\robertbituin_age_practical1\gameengine0 - v2\gameengine0\x64\debug\model.obj
c:\users\evene\documents\robertbituin_age_practical1\gameengine0 - v2\gameengine0\x64\debug\mesh.obj
c:\users\evene\documents\robertbituin_age_practical1\gameengine0 - v2\gameengine0\x64\debug\material.obj
c:\users\evene\documents\robertbituin_age_practical1\gameengine0 - v2\gameengine0\x64\debug\graphicsengine.obj
c:\users\evene\documents\robertbituin_age_practical1\gameengine0 - v2\gameengine0\x64\debug\camera.obj
c:\users\evene\documents\robertbituin_age_practical1\gameengine0 - v2\gameengine0\x64\debug\game.obj
c:\users\evene\documents\robertbituin_age_practical1\gameengine0 - v2\gameengine0\x64\debug\source.obj
c:\users\evene\documents\robertbituin_age_practical1\gameengine0 - v2\gameengine0\x64\debug\gameengine0.ilk
c:\users\evene\documents\robertbituin_age_practical1\gameengine0 - v2\x64\debug\gameengine0.exe
c:\users\evene\documents\robertbituin_age_practical1\gameengine0 - v2\x64\debug\gameengine0.pdb
c:\users\evene\documents\robertbituin_age_practical1\gameengine0 - v2\gameengine0\x64\debug\gameengine0.tlog\cl.command.1.tlog
c:\users\evene\documents\robertbituin_age_practical1\gameengine0 - v2\gameengine0\x64\debug\gameengine0.tlog\cl.read.1.tlog
c:\users\evene\documents\robertbituin_age_practical1\gameengine0 - v2\gameengine0\x64\debug\gameengine0.tlog\cl.write.1.tlog
c:\users\evene\documents\robertbituin_age_practical1\gameengine0 - v2\gameengine0\x64\debug\gameengine0.tlog\link.command.1.tlog
c:\users\evene\documents\robertbituin_age_practical1\gameengine0 - v2\gameengine0\x64\debug\gameengine0.tlog\link.read.1.tlog
c:\users\evene\documents\robertbituin_age_practical1\gameengine0 - v2\gameengine0\x64\debug\gameengine0.tlog\link.write.1.tlog
